빌드 시작: 2013-11-06 오후 1:26:00
     1>2 노드의 "C:\Users\rev\Desktop\revolution\trunk\cocos2d-x-2.1.4\Rolling Snow\proj.win32\Rolling Snow.win32.vcxproj" 프로젝트(build 대상)입니다.
     1>InitializeBuildStatus:
         "AlwaysCreate"이(가) 지정되었기 때문에 "Debug.win32\Rolling Snow.win32.unsuccessfulbuild"을(를) 만들고 있습니다.
       ClCompile:
         모든 출력이 최신 상태입니다.
       ResourceCompile:
         모든 출력이 최신 상태입니다.
       ManifestResourceCompile:
         모든 출력이 최신 상태입니다.
       Link:
         d:\Program Files (x86)\Microsoft Visual Studio 10.0\VC\bin\link.exe /ERRORREPORT:PROMPT /OUT:"C:\Users\rev\Desktop\revolution\trunk\cocos2d-x-2.1.4\Debug.win32\Rolling Snow.win32.exe" /INCREMENTAL /NOLOGO /LIBPATH:"C:\Users\rev\Desktop\revolution\trunk\cocos2d-x-2.1.4\Debug.win32\\" libcocos2d.lib opengl32.lib glew32.lib libBox2d.lib libCocosDenshion.lib libExtensions.lib kernel32.lib user32.lib gdi32.lib winspool.lib comdlg32.lib advapi32.lib shell32.lib ole32.lib oleaut32.lib uuid.lib odbc32.lib odbccp32.lib /MANIFEST /ManifestFile:"Debug.win32\Rolling Snow.win32.exe.intermediate.manifest" /MANIFESTUAC:"level='asInvoker' uiAccess='false'" /DEBUG /PDB:"C:\Users\rev\Desktop\revolution\trunk\cocos2d-x-2.1.4\Debug.win32\Rolling Snow.win32.pdb" /SUBSYSTEM:CONSOLE /TLBID:1 /DYNAMICBASE /NXCOMPAT /IMPLIB:"C:\Users\rev\Desktop\revolution\trunk\cocos2d-x-2.1.4\Debug.win32\Rolling Snow.win32.lib" /MACHINE:X86 "Debug.win32\Rolling Snow.res"
         "Debug.win32\Rolling Snow.win32.exe.embed.manifest.res"
         Debug.win32\AppDelegate.obj
         Debug.win32\BonusScene.obj
         Debug.win32\CalculationScene.obj
         Debug.win32\Character.obj
         Debug.win32\DefaultScene.obj
         Debug.win32\GameScene.obj
         Debug.win32\LogoScene.obj
         Debug.win32\MainScene.obj
         Debug.win32\OptionScene.obj
         Debug.win32\pugixml.obj
         Debug.win32\RankingScene.obj
         Debug.win32\StoreScene.obj
         Debug.win32\main.obj
       Manifest:
         C:\Program Files (x86)\Microsoft SDKs\Windows\v7.0A\bin\mt.exe /nologo /verbose /out:"Debug.win32\Rolling Snow.win32.exe.embed.manifest" /manifest "Debug.win32\Rolling Snow.win32.exe.intermediate.manifest"
         모든 출력이 최신 상태입니다.
       LinkEmbedManifest:
         모든 출력이 최신 상태입니다.
         Rolling Snow.win32.vcxproj -> C:\Users\rev\Desktop\revolution\trunk\cocos2d-x-2.1.4\Debug.win32\Rolling Snow.win32.exe
       FinalizeBuildStatus:
         "Debug.win32\Rolling Snow.win32.unsuccessfulbuild" 파일을 삭제하고 있습니다.
         "Debug.win32\Rolling Snow.win32.lastbuildstate"에 연결(touching)하고 있습니다.
     1>"C:\Users\rev\Desktop\revolution\trunk\cocos2d-x-2.1.4\Rolling Snow\proj.win32\Rolling Snow.win32.vcxproj" 프로젝트를 빌드했습니다(build 대상).

빌드했습니다.

경과 시간: 00:00:00.71
