C:\COCOS2D-X-2.1.4\ROLLING SNOW\ROLLING SNOW\PROJ.WIN32\DEBUG.WIN32\APPDELEGATE.OBJ
C:\COCOS2D-X-2.1.4\ROLLING SNOW\ROLLING SNOW\PROJ.WIN32\DEBUG.WIN32\BONUSSCENE.OBJ
C:\COCOS2D-X-2.1.4\ROLLING SNOW\ROLLING SNOW\PROJ.WIN32\DEBUG.WIN32\CALCULATIONSCENE.OBJ
C:\COCOS2D-X-2.1.4\ROLLING SNOW\ROLLING SNOW\PROJ.WIN32\DEBUG.WIN32\CHARACTER.OBJ
C:\COCOS2D-X-2.1.4\ROLLING SNOW\ROLLING SNOW\PROJ.WIN32\DEBUG.WIN32\DEFAULTSCENE.OBJ
C:\COCOS2D-X-2.1.4\ROLLING SNOW\ROLLING SNOW\PROJ.WIN32\DEBUG.WIN32\FILEOPERATION.OBJ
C:\COCOS2D-X-2.1.4\ROLLING SNOW\ROLLING SNOW\PROJ.WIN32\DEBUG.WIN32\GAMESCENE.OBJ
C:\COCOS2D-X-2.1.4\ROLLING SNOW\ROLLING SNOW\PROJ.WIN32\DEBUG.WIN32\LOGOSCENE.OBJ
C:\COCOS2D-X-2.1.4\ROLLING SNOW\ROLLING SNOW\PROJ.WIN32\DEBUG.WIN32\MAIN.OBJ
C:\COCOS2D-X-2.1.4\ROLLING SNOW\ROLLING SNOW\PROJ.WIN32\DEBUG.WIN32\MAINSCENE.OBJ
C:\COCOS2D-X-2.1.4\ROLLING SNOW\ROLLING SNOW\PROJ.WIN32\DEBUG.WIN32\OPTIONSCENE.OBJ
C:\COCOS2D-X-2.1.4\ROLLING SNOW\ROLLING SNOW\PROJ.WIN32\DEBUG.WIN32\PUGIXML.OBJ
C:\COCOS2D-X-2.1.4\ROLLING SNOW\ROLLING SNOW\PROJ.WIN32\DEBUG.WIN32\RANKINGSCENE.OBJ
C:\COCOS2D-X-2.1.4\ROLLING SNOW\ROLLING SNOW\PROJ.WIN32\DEBUG.WIN32\ROLLING SNOW.WIN32.EXE.EMBED.MANIFEST
C:\COCOS2D-X-2.1.4\ROLLING SNOW\ROLLING SNOW\PROJ.WIN32\DEBUG.WIN32\STORESCENE.OBJ
C:\COCOS2D-X-2.1.4\ROLLING SNOW\ROLLING SNOW\PROJ.WIN32\DEBUG.WIN32\VC100.PDB
C:\USERS\REV\DESKTOP\REVOLUTION\TRUNK\COCOS2D-X-2.1.4\DEBUG.WIN32\ROLLING SNOW.WIN32.EXE
C:\USERS\REV\DESKTOP\REVOLUTION\TRUNK\COCOS2D-X-2.1.4\DEBUG.WIN32\ROLLING SNOW.WIN32.ILK
C:\USERS\REV\DESKTOP\REVOLUTION\TRUNK\COCOS2D-X-2.1.4\DEBUG.WIN32\ROLLING SNOW.WIN32.PDB
C:\USERS\REV\DESKTOP\REVOLUTION\TRUNK\COCOS2D-X-2.1.4\ROLLING SNOW\PROJ.WIN32\DEBUG.WIN32\APPDELEGATE.OBJ
C:\USERS\REV\DESKTOP\REVOLUTION\TRUNK\COCOS2D-X-2.1.4\ROLLING SNOW\PROJ.WIN32\DEBUG.WIN32\BONUSSCENE.OBJ
C:\USERS\REV\DESKTOP\REVOLUTION\TRUNK\COCOS2D-X-2.1.4\ROLLING SNOW\PROJ.WIN32\DEBUG.WIN32\CALCULATIONSCENE.OBJ
C:\USERS\REV\DESKTOP\REVOLUTION\TRUNK\COCOS2D-X-2.1.4\ROLLING SNOW\PROJ.WIN32\DEBUG.WIN32\CHARACTER.OBJ
C:\Users\rev\Desktop\revolution\trunk\cocos2d-x-2.1.4\Rolling Snow\proj.win32\Debug.win32\cl.command.1.tlog
C:\Users\rev\Desktop\revolution\trunk\cocos2d-x-2.1.4\Rolling Snow\proj.win32\Debug.win32\CL.read.1.tlog
C:\Users\rev\Desktop\revolution\trunk\cocos2d-x-2.1.4\Rolling Snow\proj.win32\Debug.win32\CL.write.1.tlog
C:\USERS\REV\DESKTOP\REVOLUTION\TRUNK\COCOS2D-X-2.1.4\ROLLING SNOW\PROJ.WIN32\DEBUG.WIN32\DEFAULTSCENE.OBJ
C:\USERS\REV\DESKTOP\REVOLUTION\TRUNK\COCOS2D-X-2.1.4\ROLLING SNOW\PROJ.WIN32\DEBUG.WIN32\FILEOPERATION.OBJ
C:\USERS\REV\DESKTOP\REVOLUTION\TRUNK\COCOS2D-X-2.1.4\ROLLING SNOW\PROJ.WIN32\DEBUG.WIN32\GAMESCENE.OBJ
C:\Users\rev\Desktop\revolution\trunk\cocos2d-x-2.1.4\Rolling Snow\proj.win32\Debug.win32\link.10388.read.1.tlog
C:\Users\rev\Desktop\revolution\trunk\cocos2d-x-2.1.4\Rolling Snow\proj.win32\Debug.win32\link.10388.write.1.tlog
C:\Users\rev\Desktop\revolution\trunk\cocos2d-x-2.1.4\Rolling Snow\proj.win32\Debug.win32\link.10388-cvtres.read.1.tlog
C:\Users\rev\Desktop\revolution\trunk\cocos2d-x-2.1.4\Rolling Snow\proj.win32\Debug.win32\link.10388-cvtres.write.1.tlog
C:\Users\rev\Desktop\revolution\trunk\cocos2d-x-2.1.4\Rolling Snow\proj.win32\Debug.win32\link.12620.read.1.tlog
C:\Users\rev\Desktop\revolution\trunk\cocos2d-x-2.1.4\Rolling Snow\proj.win32\Debug.win32\link.12620.write.1.tlog
C:\Users\rev\Desktop\revolution\trunk\cocos2d-x-2.1.4\Rolling Snow\proj.win32\Debug.win32\link.12620-cvtres.read.1.tlog
C:\Users\rev\Desktop\revolution\trunk\cocos2d-x-2.1.4\Rolling Snow\proj.win32\Debug.win32\link.12620-cvtres.write.1.tlog
C:\Users\rev\Desktop\revolution\trunk\cocos2d-x-2.1.4\Rolling Snow\proj.win32\Debug.win32\link.12764.read.1.tlog
C:\Users\rev\Desktop\revolution\trunk\cocos2d-x-2.1.4\Rolling Snow\proj.win32\Debug.win32\link.12764.write.1.tlog
C:\Users\rev\Desktop\revolution\trunk\cocos2d-x-2.1.4\Rolling Snow\proj.win32\Debug.win32\link.12764-cvtres.read.1.tlog
C:\Users\rev\Desktop\revolution\trunk\cocos2d-x-2.1.4\Rolling Snow\proj.win32\Debug.win32\link.12764-cvtres.write.1.tlog
C:\Users\rev\Desktop\revolution\trunk\cocos2d-x-2.1.4\Rolling Snow\proj.win32\Debug.win32\link.1284.read.1.tlog
C:\Users\rev\Desktop\revolution\trunk\cocos2d-x-2.1.4\Rolling Snow\proj.win32\Debug.win32\link.1284.write.1.tlog
C:\Users\rev\Desktop\revolution\trunk\cocos2d-x-2.1.4\Rolling Snow\proj.win32\Debug.win32\link.1284-cvtres.read.1.tlog
C:\Users\rev\Desktop\revolution\trunk\cocos2d-x-2.1.4\Rolling Snow\proj.win32\Debug.win32\link.1284-cvtres.write.1.tlog
C:\Users\rev\Desktop\revolution\trunk\cocos2d-x-2.1.4\Rolling Snow\proj.win32\Debug.win32\link.13664.read.1.tlog
C:\Users\rev\Desktop\revolution\trunk\cocos2d-x-2.1.4\Rolling Snow\proj.win32\Debug.win32\link.13664.write.1.tlog
C:\Users\rev\Desktop\revolution\trunk\cocos2d-x-2.1.4\Rolling Snow\proj.win32\Debug.win32\link.13664-cvtres.read.1.tlog
C:\Users\rev\Desktop\revolution\trunk\cocos2d-x-2.1.4\Rolling Snow\proj.win32\Debug.win32\link.13664-cvtres.write.1.tlog
C:\Users\rev\Desktop\revolution\trunk\cocos2d-x-2.1.4\Rolling Snow\proj.win32\Debug.win32\link.14020.read.1.tlog
C:\Users\rev\Desktop\revolution\trunk\cocos2d-x-2.1.4\Rolling Snow\proj.win32\Debug.win32\link.14020.write.1.tlog
C:\Users\rev\Desktop\revolution\trunk\cocos2d-x-2.1.4\Rolling Snow\proj.win32\Debug.win32\link.14020-cvtres.read.1.tlog
C:\Users\rev\Desktop\revolution\trunk\cocos2d-x-2.1.4\Rolling Snow\proj.win32\Debug.win32\link.14020-cvtres.write.1.tlog
C:\Users\rev\Desktop\revolution\trunk\cocos2d-x-2.1.4\Rolling Snow\proj.win32\Debug.win32\link.14024.read.1.tlog
C:\Users\rev\Desktop\revolution\trunk\cocos2d-x-2.1.4\Rolling Snow\proj.win32\Debug.win32\link.14024.write.1.tlog
C:\Users\rev\Desktop\revolution\trunk\cocos2d-x-2.1.4\Rolling Snow\proj.win32\Debug.win32\link.14024-cvtres.read.1.tlog
C:\Users\rev\Desktop\revolution\trunk\cocos2d-x-2.1.4\Rolling Snow\proj.win32\Debug.win32\link.14024-cvtres.write.1.tlog
C:\Users\rev\Desktop\revolution\trunk\cocos2d-x-2.1.4\Rolling Snow\proj.win32\Debug.win32\link.14188.read.1.tlog
C:\Users\rev\Desktop\revolution\trunk\cocos2d-x-2.1.4\Rolling Snow\proj.win32\Debug.win32\link.14188.write.1.tlog
C:\Users\rev\Desktop\revolution\trunk\cocos2d-x-2.1.4\Rolling Snow\proj.win32\Debug.win32\link.14188-cvtres.read.1.tlog
C:\Users\rev\Desktop\revolution\trunk\cocos2d-x-2.1.4\Rolling Snow\proj.win32\Debug.win32\link.14188-cvtres.write.1.tlog
C:\Users\rev\Desktop\revolution\trunk\cocos2d-x-2.1.4\Rolling Snow\proj.win32\Debug.win32\link.14576.read.1.tlog
C:\Users\rev\Desktop\revolution\trunk\cocos2d-x-2.1.4\Rolling Snow\proj.win32\Debug.win32\link.14576.write.1.tlog
C:\Users\rev\Desktop\revolution\trunk\cocos2d-x-2.1.4\Rolling Snow\proj.win32\Debug.win32\link.14576-cvtres.read.1.tlog
C:\Users\rev\Desktop\revolution\trunk\cocos2d-x-2.1.4\Rolling Snow\proj.win32\Debug.win32\link.14576-cvtres.write.1.tlog
C:\Users\rev\Desktop\revolution\trunk\cocos2d-x-2.1.4\Rolling Snow\proj.win32\Debug.win32\link.15260.read.1.tlog
C:\Users\rev\Desktop\revolution\trunk\cocos2d-x-2.1.4\Rolling Snow\proj.win32\Debug.win32\link.15260.write.1.tlog
C:\Users\rev\Desktop\revolution\trunk\cocos2d-x-2.1.4\Rolling Snow\proj.win32\Debug.win32\link.15260-cvtres.read.1.tlog
C:\Users\rev\Desktop\revolution\trunk\cocos2d-x-2.1.4\Rolling Snow\proj.win32\Debug.win32\link.15260-cvtres.write.1.tlog
C:\Users\rev\Desktop\revolution\trunk\cocos2d-x-2.1.4\Rolling Snow\proj.win32\Debug.win32\link.15696.read.1.tlog
C:\Users\rev\Desktop\revolution\trunk\cocos2d-x-2.1.4\Rolling Snow\proj.win32\Debug.win32\link.15696.write.1.tlog
C:\Users\rev\Desktop\revolution\trunk\cocos2d-x-2.1.4\Rolling Snow\proj.win32\Debug.win32\link.15696-cvtres.read.1.tlog
C:\Users\rev\Desktop\revolution\trunk\cocos2d-x-2.1.4\Rolling Snow\proj.win32\Debug.win32\link.15696-cvtres.write.1.tlog
C:\Users\rev\Desktop\revolution\trunk\cocos2d-x-2.1.4\Rolling Snow\proj.win32\Debug.win32\link.15888.read.1.tlog
C:\Users\rev\Desktop\revolution\trunk\cocos2d-x-2.1.4\Rolling Snow\proj.win32\Debug.win32\link.15888.write.1.tlog
C:\Users\rev\Desktop\revolution\trunk\cocos2d-x-2.1.4\Rolling Snow\proj.win32\Debug.win32\link.15888-cvtres.read.1.tlog
C:\Users\rev\Desktop\revolution\trunk\cocos2d-x-2.1.4\Rolling Snow\proj.win32\Debug.win32\link.15888-cvtres.write.1.tlog
C:\Users\rev\Desktop\revolution\trunk\cocos2d-x-2.1.4\Rolling Snow\proj.win32\Debug.win32\link.2184.read.1.tlog
C:\Users\rev\Desktop\revolution\trunk\cocos2d-x-2.1.4\Rolling Snow\proj.win32\Debug.win32\link.2184.write.1.tlog
C:\Users\rev\Desktop\revolution\trunk\cocos2d-x-2.1.4\Rolling Snow\proj.win32\Debug.win32\link.2184-cvtres.read.1.tlog
C:\Users\rev\Desktop\revolution\trunk\cocos2d-x-2.1.4\Rolling Snow\proj.win32\Debug.win32\link.2184-cvtres.write.1.tlog
C:\Users\rev\Desktop\revolution\trunk\cocos2d-x-2.1.4\Rolling Snow\proj.win32\Debug.win32\link.220.read.1.tlog
C:\Users\rev\Desktop\revolution\trunk\cocos2d-x-2.1.4\Rolling Snow\proj.win32\Debug.win32\link.220.write.1.tlog
C:\Users\rev\Desktop\revolution\trunk\cocos2d-x-2.1.4\Rolling Snow\proj.win32\Debug.win32\link.220-cvtres.read.1.tlog
C:\Users\rev\Desktop\revolution\trunk\cocos2d-x-2.1.4\Rolling Snow\proj.win32\Debug.win32\link.220-cvtres.write.1.tlog
C:\Users\rev\Desktop\revolution\trunk\cocos2d-x-2.1.4\Rolling Snow\proj.win32\Debug.win32\link.2372.read.1.tlog
C:\Users\rev\Desktop\revolution\trunk\cocos2d-x-2.1.4\Rolling Snow\proj.win32\Debug.win32\link.2372.write.1.tlog
C:\Users\rev\Desktop\revolution\trunk\cocos2d-x-2.1.4\Rolling Snow\proj.win32\Debug.win32\link.2372-cvtres.read.1.tlog
C:\Users\rev\Desktop\revolution\trunk\cocos2d-x-2.1.4\Rolling Snow\proj.win32\Debug.win32\link.2372-cvtres.write.1.tlog
C:\Users\rev\Desktop\revolution\trunk\cocos2d-x-2.1.4\Rolling Snow\proj.win32\Debug.win32\link.2436.read.1.tlog
C:\Users\rev\Desktop\revolution\trunk\cocos2d-x-2.1.4\Rolling Snow\proj.win32\Debug.win32\link.2436.write.1.tlog
C:\Users\rev\Desktop\revolution\trunk\cocos2d-x-2.1.4\Rolling Snow\proj.win32\Debug.win32\link.2436-cvtres.read.1.tlog
C:\Users\rev\Desktop\revolution\trunk\cocos2d-x-2.1.4\Rolling Snow\proj.win32\Debug.win32\link.2436-cvtres.write.1.tlog
C:\Users\rev\Desktop\revolution\trunk\cocos2d-x-2.1.4\Rolling Snow\proj.win32\Debug.win32\link.2588.read.1.tlog
C:\Users\rev\Desktop\revolution\trunk\cocos2d-x-2.1.4\Rolling Snow\proj.win32\Debug.win32\link.2588.write.1.tlog
C:\Users\rev\Desktop\revolution\trunk\cocos2d-x-2.1.4\Rolling Snow\proj.win32\Debug.win32\link.2588-cvtres.read.1.tlog
C:\Users\rev\Desktop\revolution\trunk\cocos2d-x-2.1.4\Rolling Snow\proj.win32\Debug.win32\link.2588-cvtres.write.1.tlog
C:\Users\rev\Desktop\revolution\trunk\cocos2d-x-2.1.4\Rolling Snow\proj.win32\Debug.win32\link.2680.read.1.tlog
C:\Users\rev\Desktop\revolution\trunk\cocos2d-x-2.1.4\Rolling Snow\proj.win32\Debug.win32\link.2680.write.1.tlog
C:\Users\rev\Desktop\revolution\trunk\cocos2d-x-2.1.4\Rolling Snow\proj.win32\Debug.win32\link.2680-cvtres.read.1.tlog
C:\Users\rev\Desktop\revolution\trunk\cocos2d-x-2.1.4\Rolling Snow\proj.win32\Debug.win32\link.2680-cvtres.write.1.tlog
C:\Users\rev\Desktop\revolution\trunk\cocos2d-x-2.1.4\Rolling Snow\proj.win32\Debug.win32\link.3460.read.1.tlog
C:\Users\rev\Desktop\revolution\trunk\cocos2d-x-2.1.4\Rolling Snow\proj.win32\Debug.win32\link.3460.write.1.tlog
C:\Users\rev\Desktop\revolution\trunk\cocos2d-x-2.1.4\Rolling Snow\proj.win32\Debug.win32\link.3460-cvtres.read.1.tlog
C:\Users\rev\Desktop\revolution\trunk\cocos2d-x-2.1.4\Rolling Snow\proj.win32\Debug.win32\link.3460-cvtres.write.1.tlog
C:\Users\rev\Desktop\revolution\trunk\cocos2d-x-2.1.4\Rolling Snow\proj.win32\Debug.win32\link.3728.read.1.tlog
C:\Users\rev\Desktop\revolution\trunk\cocos2d-x-2.1.4\Rolling Snow\proj.win32\Debug.win32\link.3728.write.1.tlog
C:\Users\rev\Desktop\revolution\trunk\cocos2d-x-2.1.4\Rolling Snow\proj.win32\Debug.win32\link.3728-cvtres.read.1.tlog
C:\Users\rev\Desktop\revolution\trunk\cocos2d-x-2.1.4\Rolling Snow\proj.win32\Debug.win32\link.3728-cvtres.write.1.tlog
C:\Users\rev\Desktop\revolution\trunk\cocos2d-x-2.1.4\Rolling Snow\proj.win32\Debug.win32\link.3936.read.1.tlog
C:\Users\rev\Desktop\revolution\trunk\cocos2d-x-2.1.4\Rolling Snow\proj.win32\Debug.win32\link.3936.write.1.tlog
C:\Users\rev\Desktop\revolution\trunk\cocos2d-x-2.1.4\Rolling Snow\proj.win32\Debug.win32\link.3936-cvtres.read.1.tlog
C:\Users\rev\Desktop\revolution\trunk\cocos2d-x-2.1.4\Rolling Snow\proj.win32\Debug.win32\link.3936-cvtres.write.1.tlog
C:\Users\rev\Desktop\revolution\trunk\cocos2d-x-2.1.4\Rolling Snow\proj.win32\Debug.win32\link.3968.read.1.tlog
C:\Users\rev\Desktop\revolution\trunk\cocos2d-x-2.1.4\Rolling Snow\proj.win32\Debug.win32\link.3968.write.1.tlog
C:\Users\rev\Desktop\revolution\trunk\cocos2d-x-2.1.4\Rolling Snow\proj.win32\Debug.win32\link.3968-cvtres.read.1.tlog
C:\Users\rev\Desktop\revolution\trunk\cocos2d-x-2.1.4\Rolling Snow\proj.win32\Debug.win32\link.3968-cvtres.write.1.tlog
C:\Users\rev\Desktop\revolution\trunk\cocos2d-x-2.1.4\Rolling Snow\proj.win32\Debug.win32\link.4048.read.1.tlog
C:\Users\rev\Desktop\revolution\trunk\cocos2d-x-2.1.4\Rolling Snow\proj.win32\Debug.win32\link.4048.write.1.tlog
C:\Users\rev\Desktop\revolution\trunk\cocos2d-x-2.1.4\Rolling Snow\proj.win32\Debug.win32\link.4048-cvtres.read.1.tlog
C:\Users\rev\Desktop\revolution\trunk\cocos2d-x-2.1.4\Rolling Snow\proj.win32\Debug.win32\link.4048-cvtres.write.1.tlog
C:\Users\rev\Desktop\revolution\trunk\cocos2d-x-2.1.4\Rolling Snow\proj.win32\Debug.win32\link.4812.read.1.tlog
C:\Users\rev\Desktop\revolution\trunk\cocos2d-x-2.1.4\Rolling Snow\proj.win32\Debug.win32\link.4812.write.1.tlog
C:\Users\rev\Desktop\revolution\trunk\cocos2d-x-2.1.4\Rolling Snow\proj.win32\Debug.win32\link.4812-cvtres.read.1.tlog
C:\Users\rev\Desktop\revolution\trunk\cocos2d-x-2.1.4\Rolling Snow\proj.win32\Debug.win32\link.4812-cvtres.write.1.tlog
C:\Users\rev\Desktop\revolution\trunk\cocos2d-x-2.1.4\Rolling Snow\proj.win32\Debug.win32\link.4840.read.1.tlog
C:\Users\rev\Desktop\revolution\trunk\cocos2d-x-2.1.4\Rolling Snow\proj.win32\Debug.win32\link.4840.write.1.tlog
C:\Users\rev\Desktop\revolution\trunk\cocos2d-x-2.1.4\Rolling Snow\proj.win32\Debug.win32\link.4840-cvtres.read.1.tlog
C:\Users\rev\Desktop\revolution\trunk\cocos2d-x-2.1.4\Rolling Snow\proj.win32\Debug.win32\link.4840-cvtres.write.1.tlog
C:\Users\rev\Desktop\revolution\trunk\cocos2d-x-2.1.4\Rolling Snow\proj.win32\Debug.win32\link.5320.read.1.tlog
C:\Users\rev\Desktop\revolution\trunk\cocos2d-x-2.1.4\Rolling Snow\proj.win32\Debug.win32\link.5320.write.1.tlog
C:\Users\rev\Desktop\revolution\trunk\cocos2d-x-2.1.4\Rolling Snow\proj.win32\Debug.win32\link.5320-cvtres.read.1.tlog
C:\Users\rev\Desktop\revolution\trunk\cocos2d-x-2.1.4\Rolling Snow\proj.win32\Debug.win32\link.5320-cvtres.write.1.tlog
C:\Users\rev\Desktop\revolution\trunk\cocos2d-x-2.1.4\Rolling Snow\proj.win32\Debug.win32\link.5504.read.1.tlog
C:\Users\rev\Desktop\revolution\trunk\cocos2d-x-2.1.4\Rolling Snow\proj.win32\Debug.win32\link.5504.write.1.tlog
C:\Users\rev\Desktop\revolution\trunk\cocos2d-x-2.1.4\Rolling Snow\proj.win32\Debug.win32\link.5504-cvtres.read.1.tlog
C:\Users\rev\Desktop\revolution\trunk\cocos2d-x-2.1.4\Rolling Snow\proj.win32\Debug.win32\link.5504-cvtres.write.1.tlog
C:\Users\rev\Desktop\revolution\trunk\cocos2d-x-2.1.4\Rolling Snow\proj.win32\Debug.win32\link.5508.read.1.tlog
C:\Users\rev\Desktop\revolution\trunk\cocos2d-x-2.1.4\Rolling Snow\proj.win32\Debug.win32\link.5508.write.1.tlog
C:\Users\rev\Desktop\revolution\trunk\cocos2d-x-2.1.4\Rolling Snow\proj.win32\Debug.win32\link.5508-cvtres.read.1.tlog
C:\Users\rev\Desktop\revolution\trunk\cocos2d-x-2.1.4\Rolling Snow\proj.win32\Debug.win32\link.5508-cvtres.write.1.tlog
C:\Users\rev\Desktop\revolution\trunk\cocos2d-x-2.1.4\Rolling Snow\proj.win32\Debug.win32\link.5660.read.1.tlog
C:\Users\rev\Desktop\revolution\trunk\cocos2d-x-2.1.4\Rolling Snow\proj.win32\Debug.win32\link.5660.write.1.tlog
C:\Users\rev\Desktop\revolution\trunk\cocos2d-x-2.1.4\Rolling Snow\proj.win32\Debug.win32\link.5660-cvtres.read.1.tlog
C:\Users\rev\Desktop\revolution\trunk\cocos2d-x-2.1.4\Rolling Snow\proj.win32\Debug.win32\link.5660-cvtres.write.1.tlog
C:\Users\rev\Desktop\revolution\trunk\cocos2d-x-2.1.4\Rolling Snow\proj.win32\Debug.win32\link.5904.read.1.tlog
C:\Users\rev\Desktop\revolution\trunk\cocos2d-x-2.1.4\Rolling Snow\proj.win32\Debug.win32\link.5904.write.1.tlog
C:\Users\rev\Desktop\revolution\trunk\cocos2d-x-2.1.4\Rolling Snow\proj.win32\Debug.win32\link.5904-cvtres.read.1.tlog
C:\Users\rev\Desktop\revolution\trunk\cocos2d-x-2.1.4\Rolling Snow\proj.win32\Debug.win32\link.5904-cvtres.write.1.tlog
C:\Users\rev\Desktop\revolution\trunk\cocos2d-x-2.1.4\Rolling Snow\proj.win32\Debug.win32\link.6852.read.1.tlog
C:\Users\rev\Desktop\revolution\trunk\cocos2d-x-2.1.4\Rolling Snow\proj.win32\Debug.win32\link.6852.write.1.tlog
C:\Users\rev\Desktop\revolution\trunk\cocos2d-x-2.1.4\Rolling Snow\proj.win32\Debug.win32\link.6852-cvtres.read.1.tlog
C:\Users\rev\Desktop\revolution\trunk\cocos2d-x-2.1.4\Rolling Snow\proj.win32\Debug.win32\link.6852-cvtres.write.1.tlog
C:\Users\rev\Desktop\revolution\trunk\cocos2d-x-2.1.4\Rolling Snow\proj.win32\Debug.win32\link.6948.read.1.tlog
C:\Users\rev\Desktop\revolution\trunk\cocos2d-x-2.1.4\Rolling Snow\proj.win32\Debug.win32\link.6948.write.1.tlog
C:\Users\rev\Desktop\revolution\trunk\cocos2d-x-2.1.4\Rolling Snow\proj.win32\Debug.win32\link.6948-cvtres.read.1.tlog
C:\Users\rev\Desktop\revolution\trunk\cocos2d-x-2.1.4\Rolling Snow\proj.win32\Debug.win32\link.6948-cvtres.write.1.tlog
C:\Users\rev\Desktop\revolution\trunk\cocos2d-x-2.1.4\Rolling Snow\proj.win32\Debug.win32\link.7664.read.1.tlog
C:\Users\rev\Desktop\revolution\trunk\cocos2d-x-2.1.4\Rolling Snow\proj.win32\Debug.win32\link.7664.write.1.tlog
C:\Users\rev\Desktop\revolution\trunk\cocos2d-x-2.1.4\Rolling Snow\proj.win32\Debug.win32\link.7664-cvtres.read.1.tlog
C:\Users\rev\Desktop\revolution\trunk\cocos2d-x-2.1.4\Rolling Snow\proj.win32\Debug.win32\link.7664-cvtres.write.1.tlog
C:\Users\rev\Desktop\revolution\trunk\cocos2d-x-2.1.4\Rolling Snow\proj.win32\Debug.win32\link.8044.read.1.tlog
C:\Users\rev\Desktop\revolution\trunk\cocos2d-x-2.1.4\Rolling Snow\proj.win32\Debug.win32\link.8044.write.1.tlog
C:\Users\rev\Desktop\revolution\trunk\cocos2d-x-2.1.4\Rolling Snow\proj.win32\Debug.win32\link.8044-cvtres.read.1.tlog
C:\Users\rev\Desktop\revolution\trunk\cocos2d-x-2.1.4\Rolling Snow\proj.win32\Debug.win32\link.8044-cvtres.write.1.tlog
C:\Users\rev\Desktop\revolution\trunk\cocos2d-x-2.1.4\Rolling Snow\proj.win32\Debug.win32\link.880.read.1.tlog
C:\Users\rev\Desktop\revolution\trunk\cocos2d-x-2.1.4\Rolling Snow\proj.win32\Debug.win32\link.880.write.1.tlog
C:\Users\rev\Desktop\revolution\trunk\cocos2d-x-2.1.4\Rolling Snow\proj.win32\Debug.win32\link.880-cvtres.read.1.tlog
C:\Users\rev\Desktop\revolution\trunk\cocos2d-x-2.1.4\Rolling Snow\proj.win32\Debug.win32\link.880-cvtres.write.1.tlog
C:\Users\rev\Desktop\revolution\trunk\cocos2d-x-2.1.4\Rolling Snow\proj.win32\Debug.win32\link.928.read.1.tlog
C:\Users\rev\Desktop\revolution\trunk\cocos2d-x-2.1.4\Rolling Snow\proj.win32\Debug.win32\link.928.write.1.tlog
C:\Users\rev\Desktop\revolution\trunk\cocos2d-x-2.1.4\Rolling Snow\proj.win32\Debug.win32\link.928-cvtres.read.1.tlog
C:\Users\rev\Desktop\revolution\trunk\cocos2d-x-2.1.4\Rolling Snow\proj.win32\Debug.win32\link.928-cvtres.write.1.tlog
C:\Users\rev\Desktop\revolution\trunk\cocos2d-x-2.1.4\Rolling Snow\proj.win32\Debug.win32\link.9416.read.1.tlog
C:\Users\rev\Desktop\revolution\trunk\cocos2d-x-2.1.4\Rolling Snow\proj.win32\Debug.win32\link.9416.write.1.tlog
C:\Users\rev\Desktop\revolution\trunk\cocos2d-x-2.1.4\Rolling Snow\proj.win32\Debug.win32\link.9416-cvtres.read.1.tlog
C:\Users\rev\Desktop\revolution\trunk\cocos2d-x-2.1.4\Rolling Snow\proj.win32\Debug.win32\link.9416-cvtres.write.1.tlog
C:\Users\rev\Desktop\revolution\trunk\cocos2d-x-2.1.4\Rolling Snow\proj.win32\Debug.win32\link.command.1.tlog
C:\Users\rev\Desktop\revolution\trunk\cocos2d-x-2.1.4\Rolling Snow\proj.win32\Debug.win32\link.read.1.tlog
C:\Users\rev\Desktop\revolution\trunk\cocos2d-x-2.1.4\Rolling Snow\proj.win32\Debug.win32\link.write.1.tlog
C:\Users\rev\Desktop\revolution\trunk\cocos2d-x-2.1.4\Rolling Snow\proj.win32\Debug.win32\link-cvtres.read.1.tlog
C:\Users\rev\Desktop\revolution\trunk\cocos2d-x-2.1.4\Rolling Snow\proj.win32\Debug.win32\link-cvtres.write.1.tlog
C:\USERS\REV\DESKTOP\REVOLUTION\TRUNK\COCOS2D-X-2.1.4\ROLLING SNOW\PROJ.WIN32\DEBUG.WIN32\LOGOSCENE.OBJ
C:\USERS\REV\DESKTOP\REVOLUTION\TRUNK\COCOS2D-X-2.1.4\ROLLING SNOW\PROJ.WIN32\DEBUG.WIN32\MAIN.OBJ
C:\USERS\REV\DESKTOP\REVOLUTION\TRUNK\COCOS2D-X-2.1.4\ROLLING SNOW\PROJ.WIN32\DEBUG.WIN32\MAINSCENE.OBJ
C:\Users\rev\Desktop\revolution\trunk\cocos2d-x-2.1.4\Rolling Snow\proj.win32\Debug.win32\mt.command.1.tlog
C:\Users\rev\Desktop\revolution\trunk\cocos2d-x-2.1.4\Rolling Snow\proj.win32\Debug.win32\mt.read.1.tlog
C:\Users\rev\Desktop\revolution\trunk\cocos2d-x-2.1.4\Rolling Snow\proj.win32\Debug.win32\mt.write.1.tlog
C:\USERS\REV\DESKTOP\REVOLUTION\TRUNK\COCOS2D-X-2.1.4\ROLLING SNOW\PROJ.WIN32\DEBUG.WIN32\OPTIONSCENE.OBJ
C:\USERS\REV\DESKTOP\REVOLUTION\TRUNK\COCOS2D-X-2.1.4\ROLLING SNOW\PROJ.WIN32\DEBUG.WIN32\PUGIXML.OBJ
C:\USERS\REV\DESKTOP\REVOLUTION\TRUNK\COCOS2D-X-2.1.4\ROLLING SNOW\PROJ.WIN32\DEBUG.WIN32\RANKINGSCENE.OBJ
C:\Users\rev\Desktop\revolution\trunk\cocos2d-x-2.1.4\Rolling Snow\proj.win32\Debug.win32\rc.command.1.tlog
C:\Users\rev\Desktop\revolution\trunk\cocos2d-x-2.1.4\Rolling Snow\proj.win32\Debug.win32\rc.read.1.tlog
C:\Users\rev\Desktop\revolution\trunk\cocos2d-x-2.1.4\Rolling Snow\proj.win32\Debug.win32\rc.write.1.tlog
C:\USERS\REV\DESKTOP\REVOLUTION\TRUNK\COCOS2D-X-2.1.4\ROLLING SNOW\PROJ.WIN32\DEBUG.WIN32\ROLLING SNOW.RES
C:\Users\rev\Desktop\revolution\trunk\cocos2d-x-2.1.4\Rolling Snow\proj.win32\Debug.win32\Rolling Snow.win32.exe.embed.manifest
C:\USERS\REV\DESKTOP\REVOLUTION\TRUNK\COCOS2D-X-2.1.4\ROLLING SNOW\PROJ.WIN32\DEBUG.WIN32\ROLLING SNOW.WIN32.EXE.EMBED.MANIFEST.RES
C:\USERS\REV\DESKTOP\REVOLUTION\TRUNK\COCOS2D-X-2.1.4\ROLLING SNOW\PROJ.WIN32\DEBUG.WIN32\ROLLING SNOW.WIN32.EXE.INTERMEDIATE.MANIFEST
C:\Users\rev\Desktop\revolution\trunk\cocos2d-x-2.1.4\Rolling Snow\proj.win32\Debug.win32\Rolling Snow.win32_manifest.rc
C:\USERS\REV\DESKTOP\REVOLUTION\TRUNK\COCOS2D-X-2.1.4\ROLLING SNOW\PROJ.WIN32\DEBUG.WIN32\STORESCENE.OBJ
C:\Users\rev\Desktop\revolution\trunk\cocos2d-x-2.1.4\Rolling Snow\proj.win32\Debug.win32\vc100.idb
C:\USERS\REV\DESKTOP\REVOLUTION\TRUNK\COCOS2D-X-2.1.4\ROLLING SNOW\PROJ.WIN32\DEBUG.WIN32\VC100.PDB
C:\USERS\REV\DESKTOP\REVOLUTION\TRUNK\COCOS2D-X-2.1.4\ROLLING SNOW\ROLLING SNOW\PROJ.WIN32\DEBUG.WIN32\ROLLING SNOW.RES
C:\USERS\REV\DESKTOP\REVOLUTION\TRUNK\COCOS2D-X-2.1.4\ROLLING SNOW\ROLLING SNOW\PROJ.WIN32\DEBUG.WIN32\ROLLING SNOW.WIN32.EXE.EMBED.MANIFEST.RES
